<?xml version="1.0" encoding="UTF-8"?>
<Site BuildName="linux-6.1.0-18-amd64-g++-10.2.0-sse2-64bit"
	BuildStamp="20240307-1738-Experimental"
	Name="brjaba"
	Generator="ctest-3.25.1"
	CompilerName="/usr/bin/aarch64-bullseye-linux-gnu-g++"
	CompilerVersion="10.2.0"
	OSName="Linux"
	Hostname="brjaba"
	OSRelease="6.1.0-18-amd64"
	OSVersion="#1 SMP PREEMPT_DYNAMIC Debian 6.1.76-1 (2024-02-01)"
	OSPlatform="x86_64"
	Is64Bits="1"
	VendorString="GenuineIntel"
	VendorID="Intel Corporation"
	FamilyID="6"
	ModelID="158"
	ProcessorCacheSize="9216"
	NumberOfLogicalCPU="12"
	NumberOfPhysicalCPU="6"
	TotalVirtualMemory="976"
	TotalPhysicalMemory="31761"
	LogicalProcessorsPerPhysical="2"
	ProcessorClockFrequency="3528.56"
	>
	<Testing>
		<StartDateTime>Mar 07 11:38 CST</StartDateTime>
		<StartTestTime>1709833105</StartTestTime>
		<TestList/>
		<EndDateTime>Mar 07 11:38 CST</EndDateTime>
		<EndTestTime>1709833105</EndTestTime>
		<ElapsedMinutes>0</ElapsedMinutes>
	</Testing>
</Site>
